2020-05-10 03:04:10.298  INFO 8036 --- [main] c.s.j.c.SpringDataJPAProjectApplication  : Starting SpringDataJPAProjectApplication on Nikita with PID 8036 (E:\Spring Workspace\SpringDataJPAProject\target\classes started by Nikita Patil in E:\Spring Workspace\SpringDataJPAProject)
2020-05-10 03:04:10.298  INFO 8036 --- [main] c.s.j.c.SpringDataJPAProjectApplication  : No active profile set, falling back to default profiles: default
2020-05-10 03:04:11.157  INFO 8036 --- [main] .s.d.r.c.RepositoryConfigurationDelegate : Bootstrapping Spring Data JPA repositories in DEFAULT mode.
2020-05-10 03:04:11.251  INFO 8036 --- [main] .s.d.r.c.RepositoryConfigurationDelegate : Finished Spring Data repository scanning in 83ms. Found 1 JPA repository interfaces.
2020-05-10 03:04:12.002  INFO 8036 --- [main] o.s.b.w.embedded.tomcat.TomcatWebServer  : Tomcat initialized with port(s): 8080 (http)
2020-05-10 03:04:12.002  INFO 8036 --- [main] o.apache.catalina.core.StandardService   : Starting service [Tomcat]
2020-05-10 03:04:12.002  INFO 8036 --- [main] org.apache.catalina.core.StandardEngine  : Starting Servlet engine: [Apache Tomcat/9.0.34]
2020-05-10 03:04:12.502  INFO 8036 --- [main] org.apache.jasper.servlet.TldScanner     : At least one JAR was scanned for TLDs yet contained no TLDs. Enable debug logging for this logger for a complete list of JARs that were scanned but no TLDs were found in them. Skipping unneeded JARs during scanning can improve startup time and JSP compilation time.
2020-05-10 03:04:12.502  INFO 8036 --- [main] o.a.c.c.C.[Tomcat].[localhost].[/]       : Initializing Spring embedded WebApplicationContext
2020-05-10 03:04:12.502  INFO 8036 --- [main] o.s.web.context.ContextLoader            : Root WebApplicationContext: initialization completed in 2126 ms
2020-05-10 03:04:12.691  INFO 8036 --- [main] com.zaxxer.hikari.HikariDataSource       : HikariPool-1 - Starting...
2020-05-10 03:04:13.316  INFO 8036 --- [main] com.zaxxer.hikari.HikariDataSource       : HikariPool-1 - Start completed.
2020-05-10 03:04:13.378  INFO 8036 --- [main] o.hibernate.jpa.internal.util.LogHelper  : HHH000204: Processing PersistenceUnitInfo [name: default]
2020-05-10 03:04:13.472  INFO 8036 --- [main] org.hibernate.Version                    : HHH000412: Hibernate ORM core version 5.4.12.Final
2020-05-10 03:04:13.706  INFO 8036 --- [main] o.hibernate.annotations.common.Version   : HCANN000001: Hibernate Commons Annotations {5.1.0.Final}
2020-05-10 03:04:13.879  INFO 8036 --- [main] org.hibernate.dialect.Dialect            : HHH000400: Using dialect: org.hibernate.dialect.MySQL5Dialect
2020-05-10 03:04:14.567  INFO 8036 --- [main] o.h.e.t.j.p.i.JtaPlatformInitiator       : HHH000490: Using JtaPlatform implementation: [org.hibernate.engine.transaction.jta.platform.internal.NoJtaPlatform]
2020-05-10 03:04:14.583  INFO 8036 --- [main] j.LocalContainerEntityManagerFactoryBean : Initialized JPA EntityManagerFactory for persistence unit 'default'
2020-05-10 03:04:15.131  WARN 8036 --- [main] JpaBaseConfiguration$JpaWebConfiguration : spring.jpa.open-in-view is enabled by default. Therefore, database queries may be performed during view rendering. Explicitly configure spring.jpa.open-in-view to disable this warning
2020-05-10 03:04:15.354  INFO 8036 --- [main] o.s.s.concurrent.ThreadPoolTaskExecutor  : Initializing ExecutorService 'applicationTaskExecutor'
2020-05-10 03:04:15.463  INFO 8036 --- [main] o.s.b.a.w.s.WelcomePageHandlerMapping    : Adding welcome page template: index
2020-05-10 03:04:15.932  INFO 8036 --- [main] o.s.b.w.embedded.tomcat.TomcatWebServer  : Tomcat started on port(s): 8080 (http) with context path ''
2020-05-10 03:04:15.932  INFO 8036 --- [main] c.s.j.c.SpringDataJPAProjectApplication  : Started SpringDataJPAProjectApplication in 6.167 seconds (JVM running for 7.408)
2020-05-10 03:11:27.477  INFO 8036 --- [http-nio-8080-exec-1] o.a.c.c.C.[Tomcat].[localhost].[/]       : Initializing Spring DispatcherServlet 'dispatcherServlet'
2020-05-10 03:11:27.478  INFO 8036 --- [http-nio-8080-exec-1] o.s.web.servlet.DispatcherServlet        : Initializing Servlet 'dispatcherServlet'
2020-05-10 03:11:27.490  INFO 8036 --- [http-nio-8080-exec-1] o.s.web.servlet.DispatcherServlet        : Completed initialization in 11 ms
2020-05-10 03:11:27.553  WARN 8036 --- [http-nio-8080-exec-1] .w.s.m.s.DefaultHandlerExceptionResolver : Resolved [org.springframework.web.method.annotation.MethodArgumentTypeMismatchException: Failed to convert value of type 'java.lang.String' to required type 'int'; nested exception is java.lang.NumberFormatException: For input string: ""]
2020-05-10 03:12:07.782  INFO 8036 --- [RMI TCP Connection(4)-127.0.0.1] inMXBeanRegistrar$SpringApplicationAdmin : Application shutdown requested.
2020-05-10 03:12:07.798  INFO 8036 --- [RMI TCP Connection(4)-127.0.0.1] o.s.s.concurrent.ThreadPoolTaskExecutor  : Shutting down ExecutorService 'applicationTaskExecutor'
2020-05-10 03:12:07.798  INFO 8036 --- [RMI TCP Connection(4)-127.0.0.1] j.LocalContainerEntityManagerFactoryBean : Closing JPA EntityManagerFactory for persistence unit 'default'
2020-05-10 03:12:07.798  INFO 8036 --- [RMI TCP Connection(4)-127.0.0.1] com.zaxxer.hikari.HikariDataSource       : HikariPool-1 - Shutdown initiated...
2020-05-10 03:12:07.876  INFO 8036 --- [RMI TCP Connection(4)-127.0.0.1] com.zaxxer.hikari.HikariDataSource       : HikariPool-1 - Shutdown completed.
2020-05-10 03:12:14.429  INFO 8916 --- [main] c.s.j.c.SpringDataJPAProjectApplication  : Starting SpringDataJPAProjectApplication on Nikita with PID 8916 (E:\Spring Workspace\SpringDataJPAProject\target\classes started by Nikita Patil in E:\Spring Workspace\SpringDataJPAProject)
2020-05-10 03:12:14.445  INFO 8916 --- [main] c.s.j.c.SpringDataJPAProjectApplication  : No active profile set, falling back to default profiles: default
2020-05-10 03:12:17.148  INFO 8916 --- [main] .s.d.r.c.RepositoryConfigurationDelegate : Bootstrapping Spring Data JPA repositories in DEFAULT mode.
2020-05-10 03:12:17.243  INFO 8916 --- [main] .s.d.r.c.RepositoryConfigurationDelegate : Finished Spring Data repository scanning in 92ms. Found 1 JPA repository interfaces.
2020-05-10 03:12:18.227  INFO 8916 --- [main] o.s.b.w.embedded.tomcat.TomcatWebServer  : Tomcat initialized with port(s): 8080 (http)
2020-05-10 03:12:18.245  INFO 8916 --- [main] o.apache.catalina.core.StandardService   : Starting service [Tomcat]
2020-05-10 03:12:18.245  INFO 8916 --- [main] org.apache.catalina.core.StandardEngine  : Starting Servlet engine: [Apache Tomcat/9.0.34]
2020-05-10 03:12:18.776  INFO 8916 --- [main] org.apache.jasper.servlet.TldScanner     : At least one JAR was scanned for TLDs yet contained no TLDs. Enable debug logging for this logger for a complete list of JARs that were scanned but no TLDs were found in them. Skipping unneeded JARs during scanning can improve startup time and JSP compilation time.
2020-05-10 03:12:18.792  INFO 8916 --- [main] o.a.c.c.C.[Tomcat].[localhost].[/]       : Initializing Spring embedded WebApplicationContext
2020-05-10 03:12:18.792  INFO 8916 --- [main] o.s.web.context.ContextLoader            : Root WebApplicationContext: initialization completed in 4285 ms
2020-05-10 03:12:18.963  INFO 8916 --- [main] com.zaxxer.hikari.HikariDataSource       : HikariPool-1 - Starting...
2020-05-10 03:12:19.760  INFO 8916 --- [main] com.zaxxer.hikari.HikariDataSource       : HikariPool-1 - Start completed.
2020-05-10 03:12:19.841  INFO 8916 --- [main] o.hibernate.jpa.internal.util.LogHelper  : HHH000204: Processing PersistenceUnitInfo [name: default]
2020-05-10 03:12:19.950  INFO 8916 --- [main] org.hibernate.Version                    : HHH000412: Hibernate ORM core version 5.4.12.Final
2020-05-10 03:12:20.153  INFO 8916 --- [main] o.hibernate.annotations.common.Version   : HCANN000001: Hibernate Commons Annotations {5.1.0.Final}
2020-05-10 03:12:20.350  INFO 8916 --- [main] org.hibernate.dialect.Dialect            : HHH000400: Using dialect: org.hibernate.dialect.MySQL5Dialect
2020-05-10 03:12:21.147  INFO 8916 --- [main] o.h.e.t.j.p.i.JtaPlatformInitiator       : HHH000490: Using JtaPlatform implementation: [org.hibernate.engine.transaction.jta.platform.internal.NoJtaPlatform]
2020-05-10 03:12:21.164  INFO 8916 --- [main] j.LocalContainerEntityManagerFactoryBean : Initialized JPA EntityManagerFactory for persistence unit 'default'
2020-05-10 03:12:21.773  WARN 8916 --- [main] JpaBaseConfiguration$JpaWebConfiguration : spring.jpa.open-in-view is enabled by default. Therefore, database queries may be performed during view rendering. Explicitly configure spring.jpa.open-in-view to disable this warning
2020-05-10 03:12:21.992  INFO 8916 --- [main] o.s.s.concurrent.ThreadPoolTaskExecutor  : Initializing ExecutorService 'applicationTaskExecutor'
2020-05-10 03:12:22.086  INFO 8916 --- [main] o.s.b.a.w.s.WelcomePageHandlerMapping    : Adding welcome page template: index
2020-05-10 03:12:22.508  INFO 8916 --- [main] o.s.b.w.embedded.tomcat.TomcatWebServer  : Tomcat started on port(s): 8080 (http) with context path ''
2020-05-10 03:12:22.508  INFO 8916 --- [main] c.s.j.c.SpringDataJPAProjectApplication  : Started SpringDataJPAProjectApplication in 8.548 seconds (JVM running for 9.656)
2020-05-10 03:12:38.682  INFO 8916 --- [http-nio-8080-exec-1] o.a.c.c.C.[Tomcat].[localhost].[/]       : Initializing Spring DispatcherServlet 'dispatcherServlet'
2020-05-10 03:12:38.683  INFO 8916 --- [http-nio-8080-exec-1] o.s.web.servlet.DispatcherServlet        : Initializing Servlet 'dispatcherServlet'
2020-05-10 03:12:38.693  INFO 8916 --- [http-nio-8080-exec-1] o.s.web.servlet.DispatcherServlet        : Completed initialization in 10 ms
2020-05-10 03:12:41.124  WARN 8916 --- [http-nio-8080-exec-1] o.a.c.util.SessionIdGeneratorBase        : Creation of SecureRandom instance for session ID generation using [SHA1PRNG] took [176] milliseconds.
2020-05-10 03:17:21.787  INFO 8916 --- [RMI TCP Connection(4)-127.0.0.1] inMXBeanRegistrar$SpringApplicationAdmin : Application shutdown requested.
2020-05-10 03:17:21.796  INFO 8916 --- [RMI TCP Connection(4)-127.0.0.1] o.s.s.concurrent.ThreadPoolTaskExecutor  : Shutting down ExecutorService 'applicationTaskExecutor'
2020-05-10 03:17:21.798  INFO 8916 --- [RMI TCP Connection(4)-127.0.0.1] j.LocalContainerEntityManagerFactoryBean : Closing JPA EntityManagerFactory for persistence unit 'default'
2020-05-10 03:17:21.805  INFO 8916 --- [RMI TCP Connection(4)-127.0.0.1] com.zaxxer.hikari.HikariDataSource       : HikariPool-1 - Shutdown initiated...
2020-05-10 03:17:21.828  INFO 8916 --- [RMI TCP Connection(4)-127.0.0.1] com.zaxxer.hikari.HikariDataSource       : HikariPool-1 - Shutdown completed.
2020-05-10 03:17:27.583  INFO 4184 --- [main] c.s.j.c.SpringDataJPAProjectApplication  : Starting SpringDataJPAProjectApplication on Nikita with PID 4184 (E:\Spring Workspace\SpringDataJPAProject\target\classes started by Nikita Patil in E:\Spring Workspace\SpringDataJPAProject)
2020-05-10 03:17:27.587  INFO 4184 --- [main] c.s.j.c.SpringDataJPAProjectApplication  : No active profile set, falling back to default profiles: default
2020-05-10 03:17:28.434  INFO 4184 --- [main] .s.d.r.c.RepositoryConfigurationDelegate : Bootstrapping Spring Data JPA repositories in DEFAULT mode.
2020-05-10 03:17:28.535  INFO 4184 --- [main] .s.d.r.c.RepositoryConfigurationDelegate : Finished Spring Data repository scanning in 91ms. Found 1 JPA repository interfaces.
2020-05-10 03:17:29.312  INFO 4184 --- [main] o.s.b.w.embedded.tomcat.TomcatWebServer  : Tomcat initialized with port(s): 8080 (http)
2020-05-10 03:17:29.323  INFO 4184 --- [main] o.apache.catalina.core.StandardService   : Starting service [Tomcat]
2020-05-10 03:17:29.323  INFO 4184 --- [main] org.apache.catalina.core.StandardEngine  : Starting Servlet engine: [Apache Tomcat/9.0.34]
2020-05-10 03:17:29.820  INFO 4184 --- [main] org.apache.jasper.servlet.TldScanner     : At least one JAR was scanned for TLDs yet contained no TLDs. Enable debug logging for this logger for a complete list of JARs that were scanned but no TLDs were found in them. Skipping unneeded JARs during scanning can improve startup time and JSP compilation time.
2020-05-10 03:17:29.831  INFO 4184 --- [main] o.a.c.c.C.[Tomcat].[localhost].[/]       : Initializing Spring embedded WebApplicationContext
2020-05-10 03:17:29.831  INFO 4184 --- [main] o.s.web.context.ContextLoader            : Root WebApplicationContext: initialization completed in 2172 ms
2020-05-10 03:17:30.020  INFO 4184 --- [main] com.zaxxer.hikari.HikariDataSource       : HikariPool-1 - Starting...
2020-05-10 03:17:30.680  INFO 4184 --- [main] com.zaxxer.hikari.HikariDataSource       : HikariPool-1 - Start completed.
2020-05-10 03:17:30.733  INFO 4184 --- [main] o.hibernate.jpa.internal.util.LogHelper  : HHH000204: Processing PersistenceUnitInfo [name: default]
2020-05-10 03:17:30.822  INFO 4184 --- [main] org.hibernate.Version                    : HHH000412: Hibernate ORM core version 5.4.12.Final
2020-05-10 03:17:31.046  INFO 4184 --- [main] o.hibernate.annotations.common.Version   : HCANN000001: Hibernate Commons Annotations {5.1.0.Final}
2020-05-10 03:17:31.213  INFO 4184 --- [main] org.hibernate.dialect.Dialect            : HHH000400: Using dialect: org.hibernate.dialect.MySQL5Dialect
2020-05-10 03:17:31.958  INFO 4184 --- [main] o.h.e.t.j.p.i.JtaPlatformInitiator       : HHH000490: Using JtaPlatform implementation: [org.hibernate.engine.transaction.jta.platform.internal.NoJtaPlatform]
2020-05-10 03:17:31.970  INFO 4184 --- [main] j.LocalContainerEntityManagerFactoryBean : Initialized JPA EntityManagerFactory for persistence unit 'default'
2020-05-10 03:17:32.532  WARN 4184 --- [main] JpaBaseConfiguration$JpaWebConfiguration : spring.jpa.open-in-view is enabled by default. Therefore, database queries may be performed during view rendering. Explicitly configure spring.jpa.open-in-view to disable this warning
2020-05-10 03:17:32.729  INFO 4184 --- [main] o.s.s.concurrent.ThreadPoolTaskExecutor  : Initializing ExecutorService 'applicationTaskExecutor'
2020-05-10 03:17:32.835  INFO 4184 --- [main] o.s.b.a.w.s.WelcomePageHandlerMapping    : Adding welcome page template: index
2020-05-10 03:17:33.276  INFO 4184 --- [main] o.s.b.w.embedded.tomcat.TomcatWebServer  : Tomcat started on port(s): 8080 (http) with context path ''
2020-05-10 03:17:33.276  INFO 4184 --- [main] c.s.j.c.SpringDataJPAProjectApplication  : Started SpringDataJPAProjectApplication in 6.185 seconds (JVM running for 7.249)
2020-05-10 03:17:39.380  INFO 4184 --- [http-nio-8080-exec-1] o.a.c.c.C.[Tomcat].[localhost].[/]       : Initializing Spring DispatcherServlet 'dispatcherServlet'
2020-05-10 03:17:39.381  INFO 4184 --- [http-nio-8080-exec-1] o.s.web.servlet.DispatcherServlet        : Initializing Servlet 'dispatcherServlet'
2020-05-10 03:17:39.391  INFO 4184 --- [http-nio-8080-exec-1] o.s.web.servlet.DispatcherServlet        : Completed initialization in 10 ms
2020-05-10 03:17:40.494  WARN 4184 --- [http-nio-8080-exec-1] o.a.c.util.SessionIdGeneratorBase        : Creation of SecureRandom instance for session ID generation using [SHA1PRNG] took [180] milliseconds.
2020-05-10 03:21:35.591  INFO 4184 --- [RMI TCP Connection(5)-127.0.0.1] inMXBeanRegistrar$SpringApplicationAdmin : Application shutdown requested.
2020-05-10 03:21:35.600  INFO 4184 --- [RMI TCP Connection(5)-127.0.0.1] o.s.s.concurrent.ThreadPoolTaskExecutor  : Shutting down ExecutorService 'applicationTaskExecutor'
2020-05-10 03:21:35.601  INFO 4184 --- [RMI TCP Connection(5)-127.0.0.1] j.LocalContainerEntityManagerFactoryBean : Closing JPA EntityManagerFactory for persistence unit 'default'
2020-05-10 03:21:35.606  INFO 4184 --- [RMI TCP Connection(5)-127.0.0.1] com.zaxxer.hikari.HikariDataSource       : HikariPool-1 - Shutdown initiated...
2020-05-10 03:21:35.630  INFO 4184 --- [RMI TCP Connection(5)-127.0.0.1] com.zaxxer.hikari.HikariDataSource       : HikariPool-1 - Shutdown completed.
2020-05-10 03:21:42.556  INFO 7092 --- [main] c.s.j.c.SpringDataJPAProjectApplication  : Starting SpringDataJPAProjectApplication on Nikita with PID 7092 (E:\Spring Workspace\SpringDataJPAProject\target\classes started by Nikita Patil in E:\Spring Workspace\SpringDataJPAProject)
2020-05-10 03:21:42.561  INFO 7092 --- [main] c.s.j.c.SpringDataJPAProjectApplication  : No active profile set, falling back to default profiles: default
2020-05-10 03:21:43.609  INFO 7092 --- [main] .s.d.r.c.RepositoryConfigurationDelegate : Bootstrapping Spring Data JPA repositories in DEFAULT mode.
2020-05-10 03:21:43.698  INFO 7092 --- [main] .s.d.r.c.RepositoryConfigurationDelegate : Finished Spring Data repository scanning in 75ms. Found 1 JPA repository interfaces.
2020-05-10 03:21:44.636  INFO 7092 --- [main] o.s.b.w.embedded.tomcat.TomcatWebServer  : Tomcat initialized with port(s): 8080 (http)
2020-05-10 03:21:44.647  INFO 7092 --- [main] o.apache.catalina.core.StandardService   : Starting service [Tomcat]
2020-05-10 03:21:44.648  INFO 7092 --- [main] org.apache.catalina.core.StandardEngine  : Starting Servlet engine: [Apache Tomcat/9.0.34]
2020-05-10 03:21:45.294  INFO 7092 --- [main] org.apache.jasper.servlet.TldScanner     : At least one JAR was scanned for TLDs yet contained no TLDs. Enable debug logging for this logger for a complete list of JARs that were scanned but no TLDs were found in them. Skipping unneeded JARs during scanning can improve startup time and JSP compilation time.
2020-05-10 03:21:45.308  INFO 7092 --- [main] o.a.c.c.C.[Tomcat].[localhost].[/]       : Initializing Spring embedded WebApplicationContext
2020-05-10 03:21:45.309  INFO 7092 --- [main] o.s.web.context.ContextLoader            : Root WebApplicationContext: initialization completed in 2658 ms
2020-05-10 03:21:45.550  INFO 7092 --- [main] com.zaxxer.hikari.HikariDataSource       : HikariPool-1 - Starting...
2020-05-10 03:21:46.490  INFO 7092 --- [main] com.zaxxer.hikari.HikariDataSource       : HikariPool-1 - Start completed.
2020-05-10 03:21:46.590  INFO 7092 --- [main] o.hibernate.jpa.internal.util.LogHelper  : HHH000204: Processing PersistenceUnitInfo [name: default]
2020-05-10 03:21:46.769  INFO 7092 --- [main] org.hibernate.Version                    : HHH000412: Hibernate ORM core version 5.4.12.Final
2020-05-10 03:21:47.087  INFO 7092 --- [main] o.hibernate.annotations.common.Version   : HCANN000001: Hibernate Commons Annotations {5.1.0.Final}
2020-05-10 03:21:47.321  INFO 7092 --- [main] org.hibernate.dialect.Dialect            : HHH000400: Using dialect: org.hibernate.dialect.MySQL5Dialect
2020-05-10 03:21:48.273  INFO 7092 --- [main] o.h.e.t.j.p.i.JtaPlatformInitiator       : HHH000490: Using JtaPlatform implementation: [org.hibernate.engine.transaction.jta.platform.internal.NoJtaPlatform]
2020-05-10 03:21:48.284  INFO 7092 --- [main] j.LocalContainerEntityManagerFactoryBean : Initialized JPA EntityManagerFactory for persistence unit 'default'
2020-05-10 03:21:48.917  WARN 7092 --- [main] JpaBaseConfiguration$JpaWebConfiguration : spring.jpa.open-in-view is enabled by default. Therefore, database queries may be performed during view rendering. Explicitly configure spring.jpa.open-in-view to disable this warning
2020-05-10 03:21:49.160  INFO 7092 --- [main] o.s.s.concurrent.ThreadPoolTaskExecutor  : Initializing ExecutorService 'applicationTaskExecutor'
2020-05-10 03:21:49.280  INFO 7092 --- [main] o.s.b.a.w.s.WelcomePageHandlerMapping    : Adding welcome page template: index
2020-05-10 03:21:49.812  INFO 7092 --- [main] o.s.b.w.embedded.tomcat.TomcatWebServer  : Tomcat started on port(s): 8080 (http) with context path ''
2020-05-10 03:21:49.816  INFO 7092 --- [main] c.s.j.c.SpringDataJPAProjectApplication  : Started SpringDataJPAProjectApplication in 7.985 seconds (JVM running for 9.383)
2020-05-10 03:22:32.333  INFO 7092 --- [http-nio-8080-exec-1] o.a.c.c.C.[Tomcat].[localhost].[/]       : Initializing Spring DispatcherServlet 'dispatcherServlet'
2020-05-10 03:22:32.334  INFO 7092 --- [http-nio-8080-exec-1] o.s.web.servlet.DispatcherServlet        : Initializing Servlet 'dispatcherServlet'
2020-05-10 03:22:32.344  INFO 7092 --- [http-nio-8080-exec-1] o.s.web.servlet.DispatcherServlet        : Completed initialization in 10 ms
2020-05-10 03:22:33.458  WARN 7092 --- [http-nio-8080-exec-1] o.a.c.util.SessionIdGeneratorBase        : Creation of SecureRandom instance for session ID generation using [SHA1PRNG] took [160] milliseconds.
2020-05-10 03:30:17.946  INFO 7092 --- [RMI TCP Connection(4)-127.0.0.1] inMXBeanRegistrar$SpringApplicationAdmin : Application shutdown requested.
2020-05-10 03:30:17.946  INFO 7092 --- [RMI TCP Connection(4)-127.0.0.1] o.s.s.concurrent.ThreadPoolTaskExecutor  : Shutting down ExecutorService 'applicationTaskExecutor'
2020-05-10 03:30:17.946  INFO 7092 --- [RMI TCP Connection(4)-127.0.0.1] j.LocalContainerEntityManagerFactoryBean : Closing JPA EntityManagerFactory for persistence unit 'default'
2020-05-10 03:30:17.962  INFO 7092 --- [RMI TCP Connection(4)-127.0.0.1] com.zaxxer.hikari.HikariDataSource       : HikariPool-1 - Shutdown initiated...
2020-05-10 03:30:17.978  INFO 7092 --- [RMI TCP Connection(4)-127.0.0.1] com.zaxxer.hikari.HikariDataSource       : HikariPool-1 - Shutdown completed.
2020-05-10 20:41:27.731  INFO 9920 --- [main] c.s.j.c.SpringDataJPAProjectApplication  : Starting SpringDataJPAProjectApplication on Nikita with PID 9920 (E:\Spring Workspace\SpringDataJPAProject\target\classes started by Nikita Patil in E:\Spring Workspace\SpringDataJPAProject)
2020-05-10 20:41:27.759  INFO 9920 --- [main] c.s.j.c.SpringDataJPAProjectApplication  : No active profile set, falling back to default profiles: default
2020-05-10 20:41:30.506  INFO 9920 --- [main] .s.d.r.c.RepositoryConfigurationDelegate : Bootstrapping Spring Data JPA repositories in DEFAULT mode.
2020-05-10 20:41:30.793  INFO 9920 --- [main] .s.d.r.c.RepositoryConfigurationDelegate : Finished Spring Data repository scanning in 253ms. Found 1 JPA repository interfaces.
2020-05-10 20:41:32.693  INFO 9920 --- [main] o.s.b.w.embedded.tomcat.TomcatWebServer  : Tomcat initialized with port(s): 8080 (http)
2020-05-10 20:41:32.735  INFO 9920 --- [main] o.apache.catalina.core.StandardService   : Starting service [Tomcat]
2020-05-10 20:41:32.736  INFO 9920 --- [main] org.apache.catalina.core.StandardEngine  : Starting Servlet engine: [Apache Tomcat/9.0.34]
2020-05-10 20:41:33.661  INFO 9920 --- [main] org.apache.jasper.servlet.TldScanner     : At least one JAR was scanned for TLDs yet contained no TLDs. Enable debug logging for this logger for a complete list of JARs that were scanned but no TLDs were found in them. Skipping unneeded JARs during scanning can improve startup time and JSP compilation time.
2020-05-10 20:41:33.704  INFO 9920 --- [main] o.a.c.c.C.[Tomcat].[localhost].[/]       : Initializing Spring embedded WebApplicationContext
2020-05-10 20:41:33.705  INFO 9920 --- [main] o.s.web.context.ContextLoader            : Root WebApplicationContext: initialization completed in 5742 ms
2020-05-10 20:41:34.130  INFO 9920 --- [main] com.zaxxer.hikari.HikariDataSource       : HikariPool-1 - Starting...
2020-05-10 20:41:34.952  INFO 9920 --- [main] com.zaxxer.hikari.HikariDataSource       : HikariPool-1 - Start completed.
2020-05-10 20:41:35.165  INFO 9920 --- [main] o.hibernate.jpa.internal.util.LogHelper  : HHH000204: Processing PersistenceUnitInfo [name: default]
2020-05-10 20:41:35.993  INFO 9920 --- [main] org.hibernate.Version                    : HHH000412: Hibernate ORM core version 5.4.12.Final
2020-05-10 20:41:37.004  INFO 9920 --- [main] o.hibernate.annotations.common.Version   : HCANN000001: Hibernate Commons Annotations {5.1.0.Final}
2020-05-10 20:41:37.366  INFO 9920 --- [main] org.hibernate.dialect.Dialect            : HHH000400: Using dialect: org.hibernate.dialect.MySQL5Dialect
2020-05-10 20:41:38.505  INFO 9920 --- [main] o.h.e.t.j.p.i.JtaPlatformInitiator       : HHH000490: Using JtaPlatform implementation: [org.hibernate.engine.transaction.jta.platform.internal.NoJtaPlatform]
2020-05-10 20:41:38.516  INFO 9920 --- [main] j.LocalContainerEntityManagerFactoryBean : Initialized JPA EntityManagerFactory for persistence unit 'default'
2020-05-10 20:41:39.383  WARN 9920 --- [main] JpaBaseConfiguration$JpaWebConfiguration : spring.jpa.open-in-view is enabled by default. Therefore, database queries may be performed during view rendering. Explicitly configure spring.jpa.open-in-view to disable this warning
2020-05-10 20:41:39.723  INFO 9920 --- [main] o.s.s.concurrent.ThreadPoolTaskExecutor  : Initializing ExecutorService 'applicationTaskExecutor'
2020-05-10 20:41:39.839  INFO 9920 --- [main] o.s.b.a.w.s.WelcomePageHandlerMapping    : Adding welcome page template: index
2020-05-10 20:41:40.353  INFO 9920 --- [main] o.s.b.w.embedded.tomcat.TomcatWebServer  : Tomcat started on port(s): 8080 (http) with context path ''
2020-05-10 20:41:40.356  INFO 9920 --- [main] c.s.j.c.SpringDataJPAProjectApplication  : Started SpringDataJPAProjectApplication in 13.539 seconds (JVM running for 15.124)
2020-05-10 20:47:09.784  INFO 9920 --- [http-nio-8080-exec-1] o.a.c.c.C.[Tomcat].[localhost].[/]       : Initializing Spring DispatcherServlet 'dispatcherServlet'
2020-05-10 20:47:09.785  INFO 9920 --- [http-nio-8080-exec-1] o.s.web.servlet.DispatcherServlet        : Initializing Servlet 'dispatcherServlet'
2020-05-10 20:47:09.804  INFO 9920 --- [http-nio-8080-exec-1] o.s.web.servlet.DispatcherServlet        : Completed initialization in 19 ms
2020-05-10 20:47:12.059  WARN 9920 --- [http-nio-8080-exec-1] o.a.c.util.SessionIdGeneratorBase        : Creation of SecureRandom instance for session ID generation using [SHA1PRNG] took [608] milliseconds.
2020-05-10 20:48:12.427  WARN 9920 --- [http-nio-8080-exec-7] .w.s.m.s.DefaultHandlerExceptionResolver : Resolved [org.springframework.web.HttpRequestMethodNotSupportedException: Request method 'GET' not supported]
2020-05-10 20:48:42.021  INFO 9920 --- [RMI TCP Connection(4)-127.0.0.1] inMXBeanRegistrar$SpringApplicationAdmin : Application shutdown requested.
2020-05-10 20:48:42.035  INFO 9920 --- [RMI TCP Connection(4)-127.0.0.1] o.s.s.concurrent.ThreadPoolTaskExecutor  : Shutting down ExecutorService 'applicationTaskExecutor'
2020-05-10 20:48:42.038  INFO 9920 --- [RMI TCP Connection(4)-127.0.0.1] j.LocalContainerEntityManagerFactoryBean : Closing JPA EntityManagerFactory for persistence unit 'default'
2020-05-10 20:48:42.049  INFO 9920 --- [RMI TCP Connection(4)-127.0.0.1] com.zaxxer.hikari.HikariDataSource       : HikariPool-1 - Shutdown initiated...
2020-05-10 20:48:42.121  INFO 9920 --- [RMI TCP Connection(4)-127.0.0.1] com.zaxxer.hikari.HikariDataSource       : HikariPool-1 - Shutdown completed.
2020-05-10 20:48:48.741  INFO 10788 --- [main] c.s.j.c.SpringDataJPAProjectApplication  : Starting SpringDataJPAProjectApplication on Nikita with PID 10788 (E:\Spring Workspace\SpringDataJPAProject\target\classes started by Nikita Patil in E:\Spring Workspace\SpringDataJPAProject)
2020-05-10 20:48:48.745  INFO 10788 --- [main] c.s.j.c.SpringDataJPAProjectApplication  : No active profile set, falling back to default profiles: default
2020-05-10 20:48:49.688  INFO 10788 --- [main] .s.d.r.c.RepositoryConfigurationDelegate : Bootstrapping Spring Data JPA repositories in DEFAULT mode.
2020-05-10 20:48:49.761  INFO 10788 --- [main] .s.d.r.c.RepositoryConfigurationDelegate : Finished Spring Data repository scanning in 63ms. Found 1 JPA repository interfaces.
2020-05-10 20:48:50.645  INFO 10788 --- [main] o.s.b.w.embedded.tomcat.TomcatWebServer  : Tomcat initialized with port(s): 8080 (http)
2020-05-10 20:48:50.657  INFO 10788 --- [main] o.apache.catalina.core.StandardService   : Starting service [Tomcat]
2020-05-10 20:48:50.658  INFO 10788 --- [main] org.apache.catalina.core.StandardEngine  : Starting Servlet engine: [Apache Tomcat/9.0.34]
2020-05-10 20:48:51.242  INFO 10788 --- [main] org.apache.jasper.servlet.TldScanner     : At least one JAR was scanned for TLDs yet contained no TLDs. Enable debug logging for this logger for a complete list of JARs that were scanned but no TLDs were found in them. Skipping unneeded JARs during scanning can improve startup time and JSP compilation time.
2020-05-10 20:48:51.253  INFO 10788 --- [main] o.a.c.c.C.[Tomcat].[localhost].[/]       : Initializing Spring embedded WebApplicationContext
2020-05-10 20:48:51.253  INFO 10788 --- [main] o.s.web.context.ContextLoader            : Root WebApplicationContext: initialization completed in 2424 ms
2020-05-10 20:48:51.438  INFO 10788 --- [main] com.zaxxer.hikari.HikariDataSource       : HikariPool-1 - Starting...
2020-05-10 20:48:52.252  INFO 10788 --- [main] com.zaxxer.hikari.HikariDataSource       : HikariPool-1 - Start completed.
2020-05-10 20:48:52.311  INFO 10788 --- [main] o.hibernate.jpa.internal.util.LogHelper  : HHH000204: Processing PersistenceUnitInfo [name: default]
2020-05-10 20:48:52.425  INFO 10788 --- [main] org.hibernate.Version                    : HHH000412: Hibernate ORM core version 5.4.12.Final
2020-05-10 20:48:52.654  INFO 10788 --- [main] o.hibernate.annotations.common.Version   : HCANN000001: Hibernate Commons Annotations {5.1.0.Final}
2020-05-10 20:48:52.838  INFO 10788 --- [main] org.hibernate.dialect.Dialect            : HHH000400: Using dialect: org.hibernate.dialect.MySQL5Dialect
2020-05-10 20:48:53.570  INFO 10788 --- [main] o.h.e.t.j.p.i.JtaPlatformInitiator       : HHH000490: Using JtaPlatform implementation: [org.hibernate.engine.transaction.jta.platform.internal.NoJtaPlatform]
2020-05-10 20:48:53.579  INFO 10788 --- [main] j.LocalContainerEntityManagerFactoryBean : Initialized JPA EntityManagerFactory for persistence unit 'default'
2020-05-10 20:48:54.132  WARN 10788 --- [main] JpaBaseConfiguration$JpaWebConfiguration : spring.jpa.open-in-view is enabled by default. Therefore, database queries may be performed during view rendering. Explicitly configure spring.jpa.open-in-view to disable this warning
2020-05-10 20:48:54.348  INFO 10788 --- [main] o.s.s.concurrent.ThreadPoolTaskExecutor  : Initializing ExecutorService 'applicationTaskExecutor'
2020-05-10 20:48:54.456  INFO 10788 --- [main] o.s.b.a.w.s.WelcomePageHandlerMapping    : Adding welcome page template: index
2020-05-10 20:48:54.901  INFO 10788 --- [main] o.s.b.w.embedded.tomcat.TomcatWebServer  : Tomcat started on port(s): 8080 (http) with context path ''
2020-05-10 20:48:54.904  INFO 10788 --- [main] c.s.j.c.SpringDataJPAProjectApplication  : Started SpringDataJPAProjectApplication in 6.706 seconds (JVM running for 7.919)
2020-05-10 20:48:56.664  INFO 10788 --- [http-nio-8080-exec-1] o.a.c.c.C.[Tomcat].[localhost].[/]       : Initializing Spring DispatcherServlet 'dispatcherServlet'
2020-05-10 20:48:56.666  INFO 10788 --- [http-nio-8080-exec-1] o.s.web.servlet.DispatcherServlet        : Initializing Servlet 'dispatcherServlet'
2020-05-10 20:48:56.683  INFO 10788 --- [http-nio-8080-exec-1] o.s.web.servlet.DispatcherServlet        : Completed initialization in 16 ms
2020-05-10 20:48:58.266  WARN 10788 --- [http-nio-8080-exec-1] o.a.c.util.SessionIdGeneratorBase        : Creation of SecureRandom instance for session ID generation using [SHA1PRNG] took [189] milliseconds.
2020-05-10 20:52:30.742  INFO 10788 --- [RMI TCP Connection(4)-127.0.0.1] inMXBeanRegistrar$SpringApplicationAdmin : Application shutdown requested.
2020-05-10 20:52:30.747  INFO 10788 --- [RMI TCP Connection(4)-127.0.0.1] o.s.s.concurrent.ThreadPoolTaskExecutor  : Shutting down ExecutorService 'applicationTaskExecutor'
2020-05-10 20:52:30.748  INFO 10788 --- [RMI TCP Connection(4)-127.0.0.1] j.LocalContainerEntityManagerFactoryBean : Closing JPA EntityManagerFactory for persistence unit 'default'
2020-05-10 20:52:30.752  INFO 10788 --- [RMI TCP Connection(4)-127.0.0.1] com.zaxxer.hikari.HikariDataSource       : HikariPool-1 - Shutdown initiated...
2020-05-10 20:52:30.772  INFO 10788 --- [RMI TCP Connection(4)-127.0.0.1] com.zaxxer.hikari.HikariDataSource       : HikariPool-1 - Shutdown completed.
